<?xml version="1.0" encoding="UTF-8"?>
<testng-results ignored="0" total="1" passed="1" failed="0" skipped="0">
  <reporter-output>
  </reporter-output>
  <suite started-at="2023-01-10T18:49:17 IST" name="Default suite" finished-at="2023-01-10T18:50:56 IST" duration-ms="99017">
    <groups>
    </groups>
    <test started-at="2023-01-10T18:49:17 IST" name="Default test" finished-at="2023-01-10T18:50:56 IST" duration-ms="99017">
      <class name="testcases.Report">
        <test-method is-config="true" signature="setUp()[pri:0, instance:testcases.Report@24fcf36f]" started-at="2023-01-10T18:49:17 IST" name="setUp" finished-at="2023-01-10T18:49:27 IST" duration-ms="9903" status="PASS">
          <reporter-output>
          </reporter-output>
        </test-method> <!-- setUp -->
        <test-method signature="DeleteAll()[pri:0, instance:testcases.Report@24fcf36f]" started-at="2023-01-10T18:49:27 IST" name="DeleteAll" finished-at="2023-01-10T18:50:56 IST" duration-ms="89047" status="PASS">
          <reporter-output>
          </reporter-output>
        </test-method> <!-- DeleteAll -->
        <test-method is-config="true" signature="tearOff(org.testng.ITestResult)[pri:0, instance:testcases.Report@24fcf36f]" started-at="2023-01-10T18:50:56 IST" name="tearOff" finished-at="2023-01-10T18:50:56 IST" duration-ms="3" status="PASS">
          <params>
            <param index="0">
              <value>
                <![CDATA[[TestResult name=DeleteAll status=SUCCESS method=Report.DeleteAll()[pri:0, instance:testcases.Report@24fcf36f] output={null}]]]>
              </value>
            </param>
          </params>
          <reporter-output>
          </reporter-output>
        </test-method> <!-- tearOff -->
      </class> <!-- testcases.Report -->
    </test> <!-- Default test -->
  </suite> <!-- Default suite -->
</testng-results>
